  Agent.cpp
D:\Uni Projects\IA\AA3_Pathfinding\src\Seek.h(5,9): error C2653: 'Agent': is not a class or namespace name
D:\Uni Projects\IA\AA3_Pathfinding\src\Seek.h(6,1): error C2504: 'SteeringBehavior': base class undefined
D:\Uni Projects\IA\AA3_Pathfinding\src\Seek.h(10,32): error C2061: syntax error: identifier 'Agent'
D:\Uni Projects\IA\AA3_Pathfinding\src\PathFollowing.h(6,9): error C2653: 'Agent': is not a class or namespace name
D:\Uni Projects\IA\AA3_Pathfinding\src\PathFollowing.h(7,1): error C2504: 'SteeringBehavior': base class undefined
D:\Uni Projects\IA\AA3_Pathfinding\src\PathFollowing.h(11,32): error C2061: syntax error: identifier 'Agent'
D:\Uni Projects\IA\AA3_Pathfinding\src\BFS.h(6,20): error C2653: 'Agent': is not a class or namespace name
D:\Uni Projects\IA\AA3_Pathfinding\src\BFS.h(7,1): error C2504: 'PathFindingAlgorithm': base class undefined
D:\Uni Projects\IA\AA3_Pathfinding\src\BFS.h(9,13): error C2065: 'Node': undeclared identifier
D:\Uni Projects\IA\AA3_Pathfinding\src\BFS.h(9,18): error C2059: syntax error: '>'
D:\Uni Projects\IA\AA3_Pathfinding\src\BFS.h(13,34): error C2061: syntax error: identifier 'Agent'
D:\Uni Projects\IA\AA3_Pathfinding\src\Dijkstra.h(5,25): error C2653: 'Agent': is not a class or namespace name
D:\Uni Projects\IA\AA3_Pathfinding\src\Dijkstra.h(6,1): error C2504: 'PathFindingAlgorithm': base class undefined
D:\Uni Projects\IA\AA3_Pathfinding\src\Dijkstra.h(8,22): error C2065: 'Node': undeclared identifier
D:\Uni Projects\IA\AA3_Pathfinding\src\Dijkstra.h(8,27): error C2059: syntax error: ','
D:\Uni Projects\IA\AA3_Pathfinding\src\Dijkstra.h(8,41): error C2065: 'Node': undeclared identifier
D:\Uni Projects\IA\AA3_Pathfinding\src\Dijkstra.h(8,46): error C2059: syntax error: '>'
D:\Uni Projects\IA\AA3_Pathfinding\src\Dijkstra.h(8,49): error C2653: 'Node': is not a class or namespace name
D:\Uni Projects\IA\AA3_Pathfinding\src\Dijkstra.h(8,55): error C2065: 'CostSoFar': undeclared identifier
D:\Uni Projects\IA\AA3_Pathfinding\src\Dijkstra.h(9,13): error C2065: 'Node': undeclared identifier
D:\Uni Projects\IA\AA3_Pathfinding\src\Dijkstra.h(9,18): error C2059: syntax error: '>'
D:\Uni Projects\IA\AA3_Pathfinding\src\Dijkstra.h(13,34): error C2061: syntax error: identifier 'Agent'
D:\Uni Projects\IA\AA3_Pathfinding\src\Greedy.h(5,23): error C2653: 'Agent': is not a class or namespace name
D:\Uni Projects\IA\AA3_Pathfinding\src\Greedy.h(6,1): error C2504: 'PathFindingAlgorithm': base class undefined
D:\Uni Projects\IA\AA3_Pathfinding\src\Greedy.h(8,22): error C2065: 'Node': undeclared identifier
D:\Uni Projects\IA\AA3_Pathfinding\src\Greedy.h(8,27): error C2059: syntax error: ','
D:\Uni Projects\IA\AA3_Pathfinding\src\Greedy.h(8,41): error C2065: 'Node': undeclared identifier
D:\Uni Projects\IA\AA3_Pathfinding\src\Greedy.h(8,46): error C2059: syntax error: '>'
D:\Uni Projects\IA\AA3_Pathfinding\src\Greedy.h(8,49): error C2653: 'Node': is not a class or namespace name
D:\Uni Projects\IA\AA3_Pathfinding\src\Greedy.h(8,55): error C2065: 'Heuristic': undeclared identifier
D:\Uni Projects\IA\AA3_Pathfinding\src\Greedy.h(9,13): error C2065: 'Node': undeclared identifier
D:\Uni Projects\IA\AA3_Pathfinding\src\Greedy.h(9,18): error C2059: syntax error: '>'
D:\Uni Projects\IA\AA3_Pathfinding\src\Greedy.h(13,34): error C2061: syntax error: identifier 'Agent'
D:\Uni Projects\IA\AA3_Pathfinding\src\AStar.h(5,22): error C2653: 'Agent': is not a class or namespace name
D:\Uni Projects\IA\AA3_Pathfinding\src\AStar.h(6,1): error C2504: 'PathFindingAlgorithm': base class undefined
D:\Uni Projects\IA\AA3_Pathfinding\src\AStar.h(8,22): error C2065: 'Node': undeclared identifier
D:\Uni Projects\IA\AA3_Pathfinding\src\AStar.h(8,27): error C2059: syntax error: ','
D:\Uni Projects\IA\AA3_Pathfinding\src\AStar.h(8,41): error C2065: 'Node': undeclared identifier
D:\Uni Projects\IA\AA3_Pathfinding\src\AStar.h(8,46): error C2059: syntax error: '>'
D:\Uni Projects\IA\AA3_Pathfinding\src\AStar.h(8,49): error C2653: 'Node': is not a class or namespace name
D:\Uni Projects\IA\AA3_Pathfinding\src\AStar.h(8,55): error C2065: 'Priority': undeclared identifier
D:\Uni Projects\IA\AA3_Pathfinding\src\AStar.h(9,13): error C2065: 'Node': undeclared identifier
D:\Uni Projects\IA\AA3_Pathfinding\src\AStar.h(9,18): error C2059: syntax error: '>'
D:\Uni Projects\IA\AA3_Pathfinding\src\AStar.h(13,34): error C2061: syntax error: identifier 'Agent'
  AStar.cpp
D:\Uni Projects\IA\AA3_Pathfinding\src\Seek.h(5,9): error C2653: 'Agent': is not a class or namespace name
D:\Uni Projects\IA\AA3_Pathfinding\src\Seek.h(6,1): error C2504: 'SteeringBehavior': base class undefined
D:\Uni Projects\IA\AA3_Pathfinding\src\Seek.h(10,32): error C2061: syntax error: identifier 'Agent'
D:\Uni Projects\IA\AA3_Pathfinding\src\PathFollowing.h(6,9): error C2653: 'Agent': is not a class or namespace name
D:\Uni Projects\IA\AA3_Pathfinding\src\PathFollowing.h(7,1): error C2504: 'SteeringBehavior': base class undefined
D:\Uni Projects\IA\AA3_Pathfinding\src\PathFollowing.h(11,32): error C2061: syntax error: identifier 'Agent'
D:\Uni Projects\IA\AA3_Pathfinding\src\BFS.h(6,20): error C2653: 'Agent': is not a class or namespace name
D:\Uni Projects\IA\AA3_Pathfinding\src\BFS.h(7,1): error C2504: 'PathFindingAlgorithm': base class undefined
D:\Uni Projects\IA\AA3_Pathfinding\src\BFS.h(9,13): error C2065: 'Node': undeclared identifier
D:\Uni Projects\IA\AA3_Pathfinding\src\BFS.h(9,18): error C2059: syntax error: '>'
D:\Uni Projects\IA\AA3_Pathfinding\src\BFS.h(13,34): error C2061: syntax error: identifier 'Agent'
D:\Uni Projects\IA\AA3_Pathfinding\src\Dijkstra.h(5,25): error C2653: 'Agent': is not a class or namespace name
D:\Uni Projects\IA\AA3_Pathfinding\src\Dijkstra.h(6,1): error C2504: 'PathFindingAlgorithm': base class undefined
D:\Uni Projects\IA\AA3_Pathfinding\src\Dijkstra.h(8,22): error C2065: 'Node': undeclared identifier
D:\Uni Projects\IA\AA3_Pathfinding\src\Dijkstra.h(8,27): error C2059: syntax error: ','
D:\Uni Projects\IA\AA3_Pathfinding\src\Dijkstra.h(8,41): error C2065: 'Node': undeclared identifier
D:\Uni Projects\IA\AA3_Pathfinding\src\Dijkstra.h(8,46): error C2059: syntax error: '>'
D:\Uni Projects\IA\AA3_Pathfinding\src\Dijkstra.h(8,49): error C2653: 'Node': is not a class or namespace name
D:\Uni Projects\IA\AA3_Pathfinding\src\Dijkstra.h(8,55): error C2065: 'CostSoFar': undeclared identifier
D:\Uni Projects\IA\AA3_Pathfinding\src\Dijkstra.h(9,13): error C2065: 'Node': undeclared identifier
D:\Uni Projects\IA\AA3_Pathfinding\src\Dijkstra.h(9,18): error C2059: syntax error: '>'
D:\Uni Projects\IA\AA3_Pathfinding\src\Dijkstra.h(13,34): error C2061: syntax error: identifier 'Agent'
D:\Uni Projects\IA\AA3_Pathfinding\src\Greedy.h(5,23): error C2653: 'Agent': is not a class or namespace name
D:\Uni Projects\IA\AA3_Pathfinding\src\Greedy.h(6,1): error C2504: 'PathFindingAlgorithm': base class undefined
D:\Uni Projects\IA\AA3_Pathfinding\src\Greedy.h(8,22): error C2065: 'Node': undeclared identifier
D:\Uni Projects\IA\AA3_Pathfinding\src\Greedy.h(8,27): error C2059: syntax error: ','
D:\Uni Projects\IA\AA3_Pathfinding\src\Greedy.h(8,41): error C2065: 'Node': undeclared identifier
D:\Uni Projects\IA\AA3_Pathfinding\src\Greedy.h(8,46): error C2059: syntax error: '>'
D:\Uni Projects\IA\AA3_Pathfinding\src\Greedy.h(8,49): error C2653: 'Node': is not a class or namespace name
D:\Uni Projects\IA\AA3_Pathfinding\src\Greedy.h(8,55): error C2065: 'Heuristic': undeclared identifier
D:\Uni Projects\IA\AA3_Pathfinding\src\Greedy.h(9,13): error C2065: 'Node': undeclared identifier
D:\Uni Projects\IA\AA3_Pathfinding\src\Greedy.h(9,18): error C2059: syntax error: '>'
D:\Uni Projects\IA\AA3_Pathfinding\src\Greedy.h(13,34): error C2061: syntax error: identifier 'Agent'
D:\Uni Projects\IA\AA3_Pathfinding\src\AStar.h(5,22): error C2653: 'Agent': is not a class or namespace name
D:\Uni Projects\IA\AA3_Pathfinding\src\AStar.h(6,1): error C2504: 'PathFindingAlgorithm': base class undefined
D:\Uni Projects\IA\AA3_Pathfinding\src\AStar.h(8,22): error C2065: 'Node': undeclared identifier
D:\Uni Projects\IA\AA3_Pathfinding\src\AStar.h(8,27): error C2059: syntax error: ','
D:\Uni Projects\IA\AA3_Pathfinding\src\AStar.h(8,41): error C2065: 'Node': undeclared identifier
D:\Uni Projects\IA\AA3_Pathfinding\src\AStar.h(8,46): error C2059: syntax error: '>'
D:\Uni Projects\IA\AA3_Pathfinding\src\AStar.h(8,49): error C2653: 'Node': is not a class or namespace name
D:\Uni Projects\IA\AA3_Pathfinding\src\AStar.h(8,55): error C2065: 'Priority': undeclared identifier
D:\Uni Projects\IA\AA3_Pathfinding\src\AStar.h(9,13): error C2065: 'Node': undeclared identifier
D:\Uni Projects\IA\AA3_Pathfinding\src\AStar.h(9,18): error C2059: syntax error: '>'
D:\Uni Projects\IA\AA3_Pathfinding\src\AStar.h(13,34): error C2061: syntax error: identifier 'Agent'
D:\Uni Projects\IA\AA3_Pathfinding\src\AStar.h(5,13): error C2011: 'AStar': 'class' type redefinition
D:\Uni Projects\IA\AA3_Pathfinding\src\AStar.h(5): message : see declaration of 'AStar'
D:\Uni Projects\IA\AA3_Pathfinding\src\AStar.cpp(3,8): error C2027: use of undefined type 'AStar'
D:\Uni Projects\IA\AA3_Pathfinding\src\AStar.h(5): message : see declaration of 'AStar'
D:\Uni Projects\IA\AA3_Pathfinding\src\AStar.cpp(4,1): error C4430: missing type specifier - int assumed. Note: C++ does not support default-int
D:\Uni Projects\IA\AA3_Pathfinding\src\AStar.cpp(5,1): warning C4508: '{ctor}': function should return a value; 'void' return type assumed
D:\Uni Projects\IA\AA3_Pathfinding\src\AStar.cpp(7,9): error C2027: use of undefined type 'AStar'
D:\Uni Projects\IA\AA3_Pathfinding\src\AStar.h(5): message : see declaration of 'AStar'
D:\Uni Projects\IA\AA3_Pathfinding\src\AStar.cpp(8,1): error C4430: missing type specifier - int assumed. Note: C++ does not support default-int
D:\Uni Projects\IA\AA3_Pathfinding\src\AStar.cpp(9,1): warning C4508: '{dtor}': function should return a value; 'void' return type assumed
D:\Uni Projects\IA\AA3_Pathfinding\src\AStar.cpp(11,13): error C2027: use of undefined type 'AStar'
D:\Uni Projects\IA\AA3_Pathfinding\src\AStar.h(5): message : see declaration of 'AStar'
D:\Uni Projects\IA\AA3_Pathfinding\src\AStar.cpp(14,2): error C2065: 'frontier': undeclared identifier
D:\Uni Projects\IA\AA3_Pathfinding\src\AStar.cpp(15,22): error C2065: 'frontier': undeclared identifier
D:\Uni Projects\IA\AA3_Pathfinding\src\AStar.cpp(17,2): error C2065: 'countFrontier': undeclared identifier
D:\Uni Projects\IA\AA3_Pathfinding\src\AStar.cpp(19,10): error C2065: 'frontier': undeclared identifier
D:\Uni Projects\IA\AA3_Pathfinding\src\AStar.cpp(20,17): error C2065: 'frontier': undeclared identifier
D:\Uni Projects\IA\AA3_Pathfinding\src\AStar.cpp(21,3): error C2065: 'frontier': undeclared identifier
D:\Uni Projects\IA\AA3_Pathfinding\src\AStar.cpp(25,12): error C2065: 'frontier': undeclared identifier
D:\Uni Projects\IA\AA3_Pathfinding\src\AStar.cpp(27,5): error C2065: 'frontier': undeclared identifier
D:\Uni Projects\IA\AA3_Pathfinding\src\AStar.cpp(39,71): error C3861: 'ManhattanDistance': identifier not found
D:\Uni Projects\IA\AA3_Pathfinding\src\AStar.cpp(43,5): error C2065: 'frontier': undeclared identifier
D:\Uni Projects\IA\AA3_Pathfinding\src\AStar.cpp(45,5): error C2065: 'countFrontier': undeclared identifier
D:\Uni Projects\IA\AA3_Pathfinding\src\AStar.cpp(67,2): error C2065: 'counter': undeclared identifier
D:\Uni Projects\IA\AA3_Pathfinding\src\AStar.cpp(68,15): error C2065: 'counter': undeclared identifier
D:\Uni Projects\IA\AA3_Pathfinding\src\AStar.cpp(68,67): error C2065: 'countFrontier': undeclared identifier
D:\Uni Projects\IA\AA3_Pathfinding\src\AStar.cpp(69,2): error C2065: 'countFrontier': undeclared identifier
D:\Uni Projects\IA\AA3_Pathfinding\src\AStar.cpp(72,14): error C2027: use of undefined type 'AStar'
D:\Uni Projects\IA\AA3_Pathfinding\src\AStar.h(5): message : see declaration of 'AStar'
  BFS.cpp
D:\Uni Projects\IA\AA3_Pathfinding\src\Seek.h(5,9): error C2653: 'Agent': is not a class or namespace name
D:\Uni Projects\IA\AA3_Pathfinding\src\Seek.h(6,1): error C2504: 'SteeringBehavior': base class undefined
D:\Uni Projects\IA\AA3_Pathfinding\src\Seek.h(10,32): error C2061: syntax error: identifier 'Agent'
D:\Uni Projects\IA\AA3_Pathfinding\src\PathFollowing.h(6,9): error C2653: 'Agent': is not a class or namespace name
D:\Uni Projects\IA\AA3_Pathfinding\src\PathFollowing.h(7,1): error C2504: 'SteeringBehavior': base class undefined
D:\Uni Projects\IA\AA3_Pathfinding\src\PathFollowing.h(11,32): error C2061: syntax error: identifier 'Agent'
D:\Uni Projects\IA\AA3_Pathfinding\src\Dijkstra.h(5,25): error C2653: 'Agent': is not a class or namespace name
D:\Uni Projects\IA\AA3_Pathfinding\src\Dijkstra.h(6,1): error C2504: 'PathFindingAlgorithm': base class undefined
D:\Uni Projects\IA\AA3_Pathfinding\src\Dijkstra.h(8,22): error C2065: 'Node': undeclared identifier
D:\Uni Projects\IA\AA3_Pathfinding\src\Dijkstra.h(8,27): error C2059: syntax error: ','
D:\Uni Projects\IA\AA3_Pathfinding\src\Dijkstra.h(8,41): error C2065: 'Node': undeclared identifier
D:\Uni Projects\IA\AA3_Pathfinding\src\Dijkstra.h(8,46): error C2059: syntax error: '>'
D:\Uni Projects\IA\AA3_Pathfinding\src\Dijkstra.h(8,49): error C2653: 'Node': is not a class or namespace name
D:\Uni Projects\IA\AA3_Pathfinding\src\Dijkstra.h(8,55): error C2065: 'CostSoFar': undeclared identifier
D:\Uni Projects\IA\AA3_Pathfinding\src\Dijkstra.h(9,13): error C2065: 'Node': undeclared identifier
D:\Uni Projects\IA\AA3_Pathfinding\src\Dijkstra.h(9,18): error C2059: syntax error: '>'
D:\Uni Projects\IA\AA3_Pathfinding\src\Dijkstra.h(13,34): error C2061: syntax error: identifier 'Agent'
D:\Uni Projects\IA\AA3_Pathfinding\src\Greedy.h(5,23): error C2653: 'Agent': is not a class or namespace name
D:\Uni Projects\IA\AA3_Pathfinding\src\Greedy.h(6,1): error C2504: 'PathFindingAlgorithm': base class undefined
D:\Uni Projects\IA\AA3_Pathfinding\src\Greedy.h(8,22): error C2065: 'Node': undeclared identifier
D:\Uni Projects\IA\AA3_Pathfinding\src\Greedy.h(8,27): error C2059: syntax error: ','
D:\Uni Projects\IA\AA3_Pathfinding\src\Greedy.h(8,41): error C2065: 'Node': undeclared identifier
D:\Uni Projects\IA\AA3_Pathfinding\src\Greedy.h(8,46): error C2059: syntax error: '>'
D:\Uni Projects\IA\AA3_Pathfinding\src\Greedy.h(8,49): error C2653: 'Node': is not a class or namespace name
D:\Uni Projects\IA\AA3_Pathfinding\src\Greedy.h(8,55): error C2065: 'Heuristic': undeclared identifier
D:\Uni Projects\IA\AA3_Pathfinding\src\Greedy.h(9,13): error C2065: 'Node': undeclared identifier
D:\Uni Projects\IA\AA3_Pathfinding\src\Greedy.h(9,18): error C2059: syntax error: '>'
D:\Uni Projects\IA\AA3_Pathfinding\src\Greedy.h(13,34): error C2061: syntax error: identifier 'Agent'
D:\Uni Projects\IA\AA3_Pathfinding\src\AStar.h(5,22): error C2653: 'Agent': is not a class or namespace name
D:\Uni Projects\IA\AA3_Pathfinding\src\AStar.h(6,1): error C2504: 'PathFindingAlgorithm': base class undefined
D:\Uni Projects\IA\AA3_Pathfinding\src\AStar.h(8,22): error C2065: 'Node': undeclared identifier
D:\Uni Projects\IA\AA3_Pathfinding\src\AStar.h(8,27): error C2059: syntax error: ','
D:\Uni Projects\IA\AA3_Pathfinding\src\AStar.h(8,41): error C2065: 'Node': undeclared identifier
D:\Uni Projects\IA\AA3_Pathfinding\src\AStar.h(8,46): error C2059: syntax error: '>'
D:\Uni Projects\IA\AA3_Pathfinding\src\AStar.h(8,49): error C2653: 'Node': is not a class or namespace name
D:\Uni Projects\IA\AA3_Pathfinding\src\AStar.h(8,55): error C2065: 'Priority': undeclared identifier
D:\Uni Projects\IA\AA3_Pathfinding\src\AStar.h(9,13): error C2065: 'Node': undeclared identifier
D:\Uni Projects\IA\AA3_Pathfinding\src\AStar.h(9,18): error C2059: syntax error: '>'
D:\Uni Projects\IA\AA3_Pathfinding\src\AStar.h(13,34): error C2061: syntax error: identifier 'Agent'
  Dijkstra.cpp
D:\Uni Projects\IA\AA3_Pathfinding\src\Seek.h(5,9): error C2653: 'Agent': is not a class or namespace name
D:\Uni Projects\IA\AA3_Pathfinding\src\Seek.h(6,1): error C2504: 'SteeringBehavior': base class undefined
D:\Uni Projects\IA\AA3_Pathfinding\src\Seek.h(10,32): error C2061: syntax error: identifier 'Agent'
D:\Uni Projects\IA\AA3_Pathfinding\src\PathFollowing.h(6,9): error C2653: 'Agent': is not a class or namespace name
D:\Uni Projects\IA\AA3_Pathfinding\src\PathFollowing.h(7,1): error C2504: 'SteeringBehavior': base class undefined
D:\Uni Projects\IA\AA3_Pathfinding\src\PathFollowing.h(11,32): error C2061: syntax error: identifier 'Agent'
D:\Uni Projects\IA\AA3_Pathfinding\src\BFS.h(6,20): error C2653: 'Agent': is not a class or namespace name
D:\Uni Projects\IA\AA3_Pathfinding\src\BFS.h(7,1): error C2504: 'PathFindingAlgorithm': base class undefined
D:\Uni Projects\IA\AA3_Pathfinding\src\BFS.h(9,13): error C2065: 'Node': undeclared identifier
D:\Uni Projects\IA\AA3_Pathfinding\src\BFS.h(9,18): error C2059: syntax error: '>'
D:\Uni Projects\IA\AA3_Pathfinding\src\BFS.h(13,34): error C2061: syntax error: identifier 'Agent'
D:\Uni Projects\IA\AA3_Pathfinding\src\Dijkstra.h(5,25): error C2653: 'Agent': is not a class or namespace name
D:\Uni Projects\IA\AA3_Pathfinding\src\Dijkstra.h(6,1): error C2504: 'PathFindingAlgorithm': base class undefined
D:\Uni Projects\IA\AA3_Pathfinding\src\Dijkstra.h(8,22): error C2065: 'Node': undeclared identifier
D:\Uni Projects\IA\AA3_Pathfinding\src\Dijkstra.h(8,27): error C2059: syntax error: ','
D:\Uni Projects\IA\AA3_Pathfinding\src\Dijkstra.h(8,41): error C2065: 'Node': undeclared identifier
D:\Uni Projects\IA\AA3_Pathfinding\src\Dijkstra.h(8,46): error C2059: syntax error: '>'
D:\Uni Projects\IA\AA3_Pathfinding\src\Dijkstra.h(8,49): error C2653: 'Node': is not a class or namespace name
D:\Uni Projects\IA\AA3_Pathfinding\src\Dijkstra.h(8,55): error C2065: 'CostSoFar': undeclared identifier
D:\Uni Projects\IA\AA3_Pathfinding\src\Dijkstra.h(9,13): error C2065: 'Node': undeclared identifier
D:\Uni Projects\IA\AA3_Pathfinding\src\Dijkstra.h(9,18): error C2059: syntax error: '>'
D:\Uni Projects\IA\AA3_Pathfinding\src\Dijkstra.h(13,34): error C2061: syntax error: identifier 'Agent'
D:\Uni Projects\IA\AA3_Pathfinding\src\Greedy.h(5,23): error C2653: 'Agent': is not a class or namespace name
D:\Uni Projects\IA\AA3_Pathfinding\src\Greedy.h(6,1): error C2504: 'PathFindingAlgorithm': base class undefined
D:\Uni Projects\IA\AA3_Pathfinding\src\Greedy.h(8,22): error C2065: 'Node': undeclared identifier
D:\Uni Projects\IA\AA3_Pathfinding\src\Greedy.h(8,27): error C2059: syntax error: ','
D:\Uni Projects\IA\AA3_Pathfinding\src\Greedy.h(8,41): error C2065: 'Node': undeclared identifier
D:\Uni Projects\IA\AA3_Pathfinding\src\Greedy.h(8,46): error C2059: syntax error: '>'
D:\Uni Projects\IA\AA3_Pathfinding\src\Greedy.h(8,49): error C2653: 'Node': is not a class or namespace name
D:\Uni Projects\IA\AA3_Pathfinding\src\Greedy.h(8,55): error C2065: 'Heuristic': undeclared identifier
D:\Uni Projects\IA\AA3_Pathfinding\src\Greedy.h(9,13): error C2065: 'Node': undeclared identifier
D:\Uni Projects\IA\AA3_Pathfinding\src\Greedy.h(9,18): error C2059: syntax error: '>'
D:\Uni Projects\IA\AA3_Pathfinding\src\Greedy.h(13,34): error C2061: syntax error: identifier 'Agent'
D:\Uni Projects\IA\AA3_Pathfinding\src\AStar.h(5,22): error C2653: 'Agent': is not a class or namespace name
D:\Uni Projects\IA\AA3_Pathfinding\src\AStar.h(6,1): error C2504: 'PathFindingAlgorithm': base class undefined
D:\Uni Projects\IA\AA3_Pathfinding\src\AStar.h(8,22): error C2065: 'Node': undeclared identifier
D:\Uni Projects\IA\AA3_Pathfinding\src\AStar.h(8,27): error C2059: syntax error: ','
D:\Uni Projects\IA\AA3_Pathfinding\src\AStar.h(8,41): error C2065: 'Node': undeclared identifier
D:\Uni Projects\IA\AA3_Pathfinding\src\AStar.h(8,46): error C2059: syntax error: '>'
D:\Uni Projects\IA\AA3_Pathfinding\src\AStar.h(8,49): error C2653: 'Node': is not a class or namespace name
D:\Uni Projects\IA\AA3_Pathfinding\src\AStar.h(8,55): error C2065: 'Priority': undeclared identifier
D:\Uni Projects\IA\AA3_Pathfinding\src\AStar.h(9,13): error C2065: 'Node': undeclared identifier
D:\Uni Projects\IA\AA3_Pathfinding\src\AStar.h(9,18): error C2059: syntax error: '>'
D:\Uni Projects\IA\AA3_Pathfinding\src\AStar.h(13,34): error C2061: syntax error: identifier 'Agent'
D:\Uni Projects\IA\AA3_Pathfinding\src\Dijkstra.h(5,16): error C2011: 'Dijkstra': 'class' type redefinition
D:\Uni Projects\IA\AA3_Pathfinding\src\Dijkstra.h(5): message : see declaration of 'Dijkstra'
D:\Uni Projects\IA\AA3_Pathfinding\src\Dijkstra.cpp(3,11): error C2027: use of undefined type 'Dijkstra'
D:\Uni Projects\IA\AA3_Pathfinding\src\Dijkstra.h(5): message : see declaration of 'Dijkstra'
D:\Uni Projects\IA\AA3_Pathfinding\src\Dijkstra.cpp(4,1): error C4430: missing type specifier - int assumed. Note: C++ does not support default-int
D:\Uni Projects\IA\AA3_Pathfinding\src\Dijkstra.cpp(5,1): warning C4508: '{ctor}': function should return a value; 'void' return type assumed
D:\Uni Projects\IA\AA3_Pathfinding\src\Dijkstra.cpp(7,12): error C2027: use of undefined type 'Dijkstra'
D:\Uni Projects\IA\AA3_Pathfinding\src\Dijkstra.h(5): message : see declaration of 'Dijkstra'
D:\Uni Projects\IA\AA3_Pathfinding\src\Dijkstra.cpp(8,1): error C4430: missing type specifier - int assumed. Note: C++ does not support default-int
D:\Uni Projects\IA\AA3_Pathfinding\src\Dijkstra.cpp(9,1): warning C4508: '{dtor}': function should return a value; 'void' return type assumed
D:\Uni Projects\IA\AA3_Pathfinding\src\Dijkstra.cpp(11,16): error C2027: use of undefined type 'Dijkstra'
D:\Uni Projects\IA\AA3_Pathfinding\src\Dijkstra.h(5): message : see declaration of 'Dijkstra'
D:\Uni Projects\IA\AA3_Pathfinding\src\Dijkstra.cpp(14,2): error C2065: 'frontier': undeclared identifier
D:\Uni Projects\IA\AA3_Pathfinding\src\Dijkstra.cpp(15,22): error C2065: 'frontier': undeclared identifier
D:\Uni Projects\IA\AA3_Pathfinding\src\Dijkstra.cpp(18,10): error C2065: 'frontier': undeclared identifier
D:\Uni Projects\IA\AA3_Pathfinding\src\Dijkstra.cpp(19,17): error C2065: 'frontier': undeclared identifier
D:\Uni Projects\IA\AA3_Pathfinding\src\Dijkstra.cpp(20,3): error C2065: 'frontier': undeclared identifier
D:\Uni Projects\IA\AA3_Pathfinding\src\Dijkstra.cpp(24,12): error C2065: 'frontier': undeclared identifier
D:\Uni Projects\IA\AA3_Pathfinding\src\Dijkstra.cpp(26,5): error C2065: 'frontier': undeclared identifier
D:\Uni Projects\IA\AA3_Pathfinding\src\Dijkstra.cpp(39,5): error C2065: 'frontier': undeclared identifier
D:\Uni Projects\IA\AA3_Pathfinding\src\Dijkstra.cpp(41,5): error C2065: 'countFrontier': undeclared identifier
D:\Uni Projects\IA\AA3_Pathfinding\src\Dijkstra.cpp(64,2): error C2065: 'counter': undeclared identifier
D:\Uni Projects\IA\AA3_Pathfinding\src\Dijkstra.cpp(65,15): error C2065: 'counter': undeclared identifier
D:\Uni Projects\IA\AA3_Pathfinding\src\Dijkstra.cpp(65,70): error C2065: 'countFrontier': undeclared identifier
D:\Uni Projects\IA\AA3_Pathfinding\src\Dijkstra.cpp(66,2): error C2065: 'countFrontier': undeclared identifier
  Graph.cpp
D:\Uni Projects\IA\AA3_Pathfinding\src\Agent.h(43,8): error C2143: syntax error: missing ';' before '*'
D:\Uni Projects\IA\AA3_Pathfinding\src\Agent.h(43,8): error C4430: missing type specifier - int assumed. Note: C++ does not support default-int
D:\Uni Projects\IA\AA3_Pathfinding\src\Agent.h(43,14): error C2238: unexpected token(s) preceding ';'
D:\Uni Projects\IA\AA3_Pathfinding\src\Agent.h(81,21): error C2061: syntax error: identifier 'Grid'
D:\Uni Projects\IA\AA3_Pathfinding\src\Agent.h(82,7): error C2143: syntax error: missing ';' before '*'
D:\Uni Projects\IA\AA3_Pathfinding\src\Agent.h(82,7): error C4430: missing type specifier - int assumed. Note: C++ does not support default-int
D:\Uni Projects\IA\AA3_Pathfinding\src\Agent.h(82,19): error C2238: unexpected token(s) preceding ';'
D:\Uni Projects\IA\AA3_Pathfinding\src\BFS.h(9,13): error C2065: 'Node': undeclared identifier
D:\Uni Projects\IA\AA3_Pathfinding\src\BFS.h(9,18): error C2059: syntax error: '>'
D:\Uni Projects\IA\AA3_Pathfinding\src\Dijkstra.h(8,22): error C2065: 'Node': undeclared identifier
D:\Uni Projects\IA\AA3_Pathfinding\src\Dijkstra.h(8,27): error C2059: syntax error: ','
D:\Uni Projects\IA\AA3_Pathfinding\src\Dijkstra.h(8,41): error C2065: 'Node': undeclared identifier
D:\Uni Projects\IA\AA3_Pathfinding\src\Dijkstra.h(8,46): error C2059: syntax error: '>'
D:\Uni Projects\IA\AA3_Pathfinding\src\Dijkstra.h(8,49): error C2653: 'Node': is not a class or namespace name
D:\Uni Projects\IA\AA3_Pathfinding\src\Dijkstra.h(8,55): error C2065: 'CostSoFar': undeclared identifier
D:\Uni Projects\IA\AA3_Pathfinding\src\Dijkstra.h(9,13): error C2065: 'Node': undeclared identifier
D:\Uni Projects\IA\AA3_Pathfinding\src\Dijkstra.h(9,18): error C2059: syntax error: '>'
D:\Uni Projects\IA\AA3_Pathfinding\src\Greedy.h(8,22): error C2065: 'Node': undeclared identifier
D:\Uni Projects\IA\AA3_Pathfinding\src\Greedy.h(8,27): error C2059: syntax error: ','
D:\Uni Projects\IA\AA3_Pathfinding\src\Greedy.h(8,41): error C2065: 'Node': undeclared identifier
D:\Uni Projects\IA\AA3_Pathfinding\src\Greedy.h(8,46): error C2059: syntax error: '>'
D:\Uni Projects\IA\AA3_Pathfinding\src\Greedy.h(8,49): error C2653: 'Node': is not a class or namespace name
D:\Uni Projects\IA\AA3_Pathfinding\src\Greedy.h(8,55): error C2065: 'Heuristic': undeclared identifier
D:\Uni Projects\IA\AA3_Pathfinding\src\Greedy.h(9,13): error C2065: 'Node': undeclared identifier
D:\Uni Projects\IA\AA3_Pathfinding\src\Greedy.h(9,18): error C2059: syntax error: '>'
D:\Uni Projects\IA\AA3_Pathfinding\src\AStar.h(8,22): error C2065: 'Node': undeclared identifier
D:\Uni Projects\IA\AA3_Pathfinding\src\AStar.h(8,27): error C2059: syntax error: ','
D:\Uni Projects\IA\AA3_Pathfinding\src\AStar.h(8,41): error C2065: 'Node': undeclared identifier
D:\Uni Projects\IA\AA3_Pathfinding\src\AStar.h(8,46): error C2059: syntax error: '>'
D:\Uni Projects\IA\AA3_Pathfinding\src\AStar.h(8,49): error C2653: 'Node': is not a class or namespace name
D:\Uni Projects\IA\AA3_Pathfinding\src\AStar.h(8,55): error C2065: 'Priority': undeclared identifier
D:\Uni Projects\IA\AA3_Pathfinding\src\AStar.h(9,13): error C2065: 'Node': undeclared identifier
D:\Uni Projects\IA\AA3_Pathfinding\src\AStar.h(9,18): error C2059: syntax error: '>'
D:\Uni Projects\IA\AA3_Pathfinding\src\Graph.cpp(11,66): warning C4244: 'argument': conversion from 'unsigned int' to 'float', possible loss of data
D:\Uni Projects\IA\AA3_Pathfinding\src\Graph.cpp(11,49): warning C4244: 'argument': conversion from 'unsigned int' to 'float', possible loss of data
D:\Uni Projects\IA\AA3_Pathfinding\src\Graph.cpp(17,71): warning C4244: 'argument': conversion from 'unsigned int' to 'float', possible loss of data
D:\Uni Projects\IA\AA3_Pathfinding\src\Graph.cpp(17,52): warning C4244: 'argument': conversion from 'unsigned int' to 'float', possible loss of data
D:\Uni Projects\IA\AA3_Pathfinding\src\Graph.cpp(19,79): warning C4244: 'argument': conversion from 'unsigned int' to 'float', possible loss of data
D:\Uni Projects\IA\AA3_Pathfinding\src\Graph.cpp(19,60): warning C4244: 'argument': conversion from 'unsigned int' to 'float', possible loss of data
D:\Uni Projects\IA\AA3_Pathfinding\src\Graph.cpp(20,64): warning C4244: 'argument': conversion from 'unsigned int' to 'float', possible loss of data
D:\Uni Projects\IA\AA3_Pathfinding\src\Graph.cpp(20,45): warning C4244: 'argument': conversion from 'unsigned int' to 'float', possible loss of data
D:\Uni Projects\IA\AA3_Pathfinding\src\Graph.cpp(20,19): warning C4244: 'argument': conversion from 'int' to 'float', possible loss of data
D:\Uni Projects\IA\AA3_Pathfinding\src\Graph.cpp(25,69): warning C4244: 'argument': conversion from 'unsigned int' to 'float', possible loss of data
D:\Uni Projects\IA\AA3_Pathfinding\src\Graph.cpp(25,50): warning C4244: 'argument': conversion from 'unsigned int' to 'float', possible loss of data
D:\Uni Projects\IA\AA3_Pathfinding\src\Graph.cpp(27,77): warning C4244: 'argument': conversion from 'unsigned int' to 'float', possible loss of data
D:\Uni Projects\IA\AA3_Pathfinding\src\Graph.cpp(27,58): warning C4244: 'argument': conversion from 'unsigned int' to 'float', possible loss of data
D:\Uni Projects\IA\AA3_Pathfinding\src\Graph.cpp(28,62): warning C4244: 'argument': conversion from 'unsigned int' to 'float', possible loss of data
D:\Uni Projects\IA\AA3_Pathfinding\src\Graph.cpp(28,43): warning C4244: 'argument': conversion from 'unsigned int' to 'float', possible loss of data
D:\Uni Projects\IA\AA3_Pathfinding\src\Graph.cpp(28,19): warning C4244: 'argument': conversion from 'int' to 'float', possible loss of data
D:\Uni Projects\IA\AA3_Pathfinding\src\Graph.cpp(31,69): warning C4244: 'argument': conversion from 'unsigned int' to 'float', possible loss of data
D:\Uni Projects\IA\AA3_Pathfinding\src\Graph.cpp(31,50): warning C4244: 'argument': conversion from 'unsigned int' to 'float', possible loss of data
D:\Uni Projects\IA\AA3_Pathfinding\src\Graph.cpp(33,77): warning C4244: 'argument': conversion from 'unsigned int' to 'float', possible loss of data
D:\Uni Projects\IA\AA3_Pathfinding\src\Graph.cpp(33,58): warning C4244: 'argument': conversion from 'unsigned int' to 'float', possible loss of data
D:\Uni Projects\IA\AA3_Pathfinding\src\Graph.cpp(34,62): warning C4244: 'argument': conversion from 'unsigned int' to 'float', possible loss of data
D:\Uni Projects\IA\AA3_Pathfinding\src\Graph.cpp(34,43): warning C4244: 'argument': conversion from 'unsigned int' to 'float', possible loss of data
D:\Uni Projects\IA\AA3_Pathfinding\src\Graph.cpp(34,19): warning C4244: 'argument': conversion from 'int' to 'float', possible loss of data
D:\Uni Projects\IA\AA3_Pathfinding\src\Graph.cpp(39,71): warning C4244: 'argument': conversion from 'unsigned int' to 'float', possible loss of data
D:\Uni Projects\IA\AA3_Pathfinding\src\Graph.cpp(39,52): warning C4244: 'argument': conversion from 'unsigned int' to 'float', possible loss of data
D:\Uni Projects\IA\AA3_Pathfinding\src\Graph.cpp(41,79): warning C4244: 'argument': conversion from 'unsigned int' to 'float', possible loss of data
D:\Uni Projects\IA\AA3_Pathfinding\src\Graph.cpp(41,60): warning C4244: 'argument': conversion from 'unsigned int' to 'float', possible loss of data
D:\Uni Projects\IA\AA3_Pathfinding\src\Graph.cpp(42,64): warning C4244: 'argument': conversion from 'unsigned int' to 'float', possible loss of data
D:\Uni Projects\IA\AA3_Pathfinding\src\Graph.cpp(42,45): warning C4244: 'argument': conversion from 'unsigned int' to 'float', possible loss of data
D:\Uni Projects\IA\AA3_Pathfinding\src\Graph.cpp(42,19): warning C4244: 'argument': conversion from 'int' to 'float', possible loss of data
D:\Uni Projects\IA\AA3_Pathfinding\src\Graph.cpp(47,73): warning C4244: 'argument': conversion from 'unsigned int' to 'float', possible loss of data
D:\Uni Projects\IA\AA3_Pathfinding\src\Graph.cpp(47,52): warning C4244: 'argument': conversion from 'unsigned int' to 'float', possible loss of data
D:\Uni Projects\IA\AA3_Pathfinding\src\Graph.cpp(49,81): warning C4244: 'argument': conversion from 'unsigned int' to 'float', possible loss of data
D:\Uni Projects\IA\AA3_Pathfinding\src\Graph.cpp(49,60): warning C4244: 'argument': conversion from 'unsigned int' to 'float', possible loss of data
D:\Uni Projects\IA\AA3_Pathfinding\src\Graph.cpp(50,66): warning C4244: 'argument': conversion from 'unsigned int' to 'float', possible loss of data
D:\Uni Projects\IA\AA3_Pathfinding\src\Graph.cpp(50,45): warning C4244: 'argument': conversion from 'unsigned int' to 'float', possible loss of data
D:\Uni Projects\IA\AA3_Pathfinding\src\Graph.cpp(50,19): warning C4244: 'argument': conversion from 'int' to 'float', possible loss of data
D:\Uni Projects\IA\AA3_Pathfinding\src\Graph.cpp(53,73): warning C4244: 'argument': conversion from 'unsigned int' to 'float', possible loss of data
D:\Uni Projects\IA\AA3_Pathfinding\src\Graph.cpp(53,52): warning C4244: 'argument': conversion from 'unsigned int' to 'float', possible loss of data
D:\Uni Projects\IA\AA3_Pathfinding\src\Graph.cpp(55,81): warning C4244: 'argument': conversion from 'unsigned int' to 'float', possible loss of data
D:\Uni Projects\IA\AA3_Pathfinding\src\Graph.cpp(55,60): warning C4244: 'argument': conversion from 'unsigned int' to 'float', possible loss of data
D:\Uni Projects\IA\AA3_Pathfinding\src\Graph.cpp(56,66): warning C4244: 'argument': conversion from 'unsigned int' to 'float', possible loss of data
D:\Uni Projects\IA\AA3_Pathfinding\src\Graph.cpp(56,45): warning C4244: 'argument': conversion from 'unsigned int' to 'float', possible loss of data
D:\Uni Projects\IA\AA3_Pathfinding\src\Graph.cpp(56,19): warning C4244: 'argument': conversion from 'int' to 'float', possible loss of data
D:\Uni Projects\IA\AA3_Pathfinding\src\Graph.cpp(60,73): warning C4244: 'argument': conversion from 'unsigned int' to 'float', possible loss of data
D:\Uni Projects\IA\AA3_Pathfinding\src\Graph.cpp(60,52): warning C4244: 'argument': conversion from 'unsigned int' to 'float', possible loss of data
D:\Uni Projects\IA\AA3_Pathfinding\src\Graph.cpp(62,81): warning C4244: 'argument': conversion from 'unsigned int' to 'float', possible loss of data
D:\Uni Projects\IA\AA3_Pathfinding\src\Graph.cpp(62,60): warning C4244: 'argument': conversion from 'unsigned int' to 'float', possible loss of data
D:\Uni Projects\IA\AA3_Pathfinding\src\Graph.cpp(63,66): warning C4244: 'argument': conversion from 'unsigned int' to 'float', possible loss of data
D:\Uni Projects\IA\AA3_Pathfinding\src\Graph.cpp(63,45): warning C4244: 'argument': conversion from 'unsigned int' to 'float', possible loss of data
D:\Uni Projects\IA\AA3_Pathfinding\src\Graph.cpp(63,19): warning C4244: 'argument': conversion from 'int' to 'float', possible loss of data
D:\Uni Projects\IA\AA3_Pathfinding\src\Graph.cpp(66,73): warning C4244: 'argument': conversion from 'unsigned int' to 'float', possible loss of data
D:\Uni Projects\IA\AA3_Pathfinding\src\Graph.cpp(66,52): warning C4244: 'argument': conversion from 'unsigned int' to 'float', possible loss of data
D:\Uni Projects\IA\AA3_Pathfinding\src\Graph.cpp(68,81): warning C4244: 'argument': conversion from 'unsigned int' to 'float', possible loss of data
D:\Uni Projects\IA\AA3_Pathfinding\src\Graph.cpp(68,60): warning C4244: 'argument': conversion from 'unsigned int' to 'float', possible loss of data
D:\Uni Projects\IA\AA3_Pathfinding\src\Graph.cpp(69,66): warning C4244: 'argument': conversion from 'unsigned int' to 'float', possible loss of data
D:\Uni Projects\IA\AA3_Pathfinding\src\Graph.cpp(69,45): warning C4244: 'argument': conversion from 'unsigned int' to 'float', possible loss of data
D:\Uni Projects\IA\AA3_Pathfinding\src\Graph.cpp(69,19): warning C4244: 'argument': conversion from 'int' to 'float', possible loss of data
D:\Uni Projects\IA\AA3_Pathfinding\src\Graph.cpp(73,70): warning C4244: 'argument': conversion from 'unsigned int' to 'float', possible loss of data
D:\Uni Projects\IA\AA3_Pathfinding\src\Graph.cpp(73,53): warning C4244: 'argument': conversion from 'unsigned int' to 'float', possible loss of data
D:\Uni Projects\IA\AA3_Pathfinding\src\Graph.cpp(73,147): warning C4244: 'argument': conversion from 'unsigned int' to 'float', possible loss of data
D:\Uni Projects\IA\AA3_Pathfinding\src\Graph.cpp(73,130): warning C4244: 'argument': conversion from 'unsigned int' to 'float', possible loss of data
D:\Uni Projects\IA\AA3_Pathfinding\src\Graph.cpp(73,106): warning C4244: 'argument': conversion from 'int' to 'float', possible loss of data
  Greedy.cpp
D:\Uni Projects\IA\AA3_Pathfinding\src\Seek.h(5,9): error C2653: 'Agent': is not a class or namespace name
D:\Uni Projects\IA\AA3_Pathfinding\src\Seek.h(6,1): error C2504: 'SteeringBehavior': base class undefined
D:\Uni Projects\IA\AA3_Pathfinding\src\Seek.h(10,32): error C2061: syntax error: identifier 'Agent'
D:\Uni Projects\IA\AA3_Pathfinding\src\PathFollowing.h(6,9): error C2653: 'Agent': is not a class or namespace name
D:\Uni Projects\IA\AA3_Pathfinding\src\PathFollowing.h(7,1): error C2504: 'SteeringBehavior': base class undefined
D:\Uni Projects\IA\AA3_Pathfinding\src\PathFollowing.h(11,32): error C2061: syntax error: identifier 'Agent'
D:\Uni Projects\IA\AA3_Pathfinding\src\BFS.h(6,20): error C2653: 'Agent': is not a class or namespace name
D:\Uni Projects\IA\AA3_Pathfinding\src\BFS.h(7,1): error C2504: 'PathFindingAlgorithm': base class undefined
D:\Uni Projects\IA\AA3_Pathfinding\src\BFS.h(9,13): error C2065: 'Node': undeclared identifier
D:\Uni Projects\IA\AA3_Pathfinding\src\BFS.h(9,18): error C2059: syntax error: '>'
D:\Uni Projects\IA\AA3_Pathfinding\src\BFS.h(13,34): error C2061: syntax error: identifier 'Agent'
D:\Uni Projects\IA\AA3_Pathfinding\src\Dijkstra.h(5,25): error C2653: 'Agent': is not a class or namespace name
D:\Uni Projects\IA\AA3_Pathfinding\src\Dijkstra.h(6,1): error C2504: 'PathFindingAlgorithm': base class undefined
D:\Uni Projects\IA\AA3_Pathfinding\src\Dijkstra.h(8,22): error C2065: 'Node': undeclared identifier
D:\Uni Projects\IA\AA3_Pathfinding\src\Dijkstra.h(8,27): error C2059: syntax error: ','
D:\Uni Projects\IA\AA3_Pathfinding\src\Dijkstra.h(8,41): error C2065: 'Node': undeclared identifier
D:\Uni Projects\IA\AA3_Pathfinding\src\Dijkstra.h(8,46): error C2059: syntax error: '>'
D:\Uni Projects\IA\AA3_Pathfinding\src\Dijkstra.h(8,49): error C2653: 'Node': is not a class or namespace name
D:\Uni Projects\IA\AA3_Pathfinding\src\Dijkstra.h(8,55): error C2065: 'CostSoFar': undeclared identifier
D:\Uni Projects\IA\AA3_Pathfinding\src\Dijkstra.h(9,13): error C2065: 'Node': undeclared identifier
D:\Uni Projects\IA\AA3_Pathfinding\src\Dijkstra.h(9,18): error C2059: syntax error: '>'
D:\Uni Projects\IA\AA3_Pathfinding\src\Dijkstra.h(13,34): error C2061: syntax error: identifier 'Agent'
D:\Uni Projects\IA\AA3_Pathfinding\src\Greedy.h(5,23): error C2653: 'Agent': is not a class or namespace name
D:\Uni Projects\IA\AA3_Pathfinding\src\Greedy.h(6,1): error C2504: 'PathFindingAlgorithm': base class undefined
D:\Uni Projects\IA\AA3_Pathfinding\src\Greedy.h(8,22): error C2065: 'Node': undeclared identifier
D:\Uni Projects\IA\AA3_Pathfinding\src\Greedy.h(8,27): error C2059: syntax error: ','
D:\Uni Projects\IA\AA3_Pathfinding\src\Greedy.h(8,41): error C2065: 'Node': undeclared identifier
D:\Uni Projects\IA\AA3_Pathfinding\src\Greedy.h(8,46): error C2059: syntax error: '>'
D:\Uni Projects\IA\AA3_Pathfinding\src\Greedy.h(8,49): error C2653: 'Node': is not a class or namespace name
D:\Uni Projects\IA\AA3_Pathfinding\src\Greedy.h(8,55): error C2065: 'Heuristic': undeclared identifier
D:\Uni Projects\IA\AA3_Pathfinding\src\Greedy.h(9,13): error C2065: 'Node': undeclared identifier
D:\Uni Projects\IA\AA3_Pathfinding\src\Greedy.h(9,18): error C2059: syntax error: '>'
D:\Uni Projects\IA\AA3_Pathfinding\src\Greedy.h(13,34): error C2061: syntax error: identifier 'Agent'
D:\Uni Projects\IA\AA3_Pathfinding\src\AStar.h(5,22): error C2653: 'Agent': is not a class or namespace name
D:\Uni Projects\IA\AA3_Pathfinding\src\AStar.h(6,1): error C2504: 'PathFindingAlgorithm': base class undefined
D:\Uni Projects\IA\AA3_Pathfinding\src\AStar.h(8,22): error C2065: 'Node': undeclared identifier
D:\Uni Projects\IA\AA3_Pathfinding\src\AStar.h(8,27): error C2059: syntax error: ','
D:\Uni Projects\IA\AA3_Pathfinding\src\AStar.h(8,41): error C2065: 'Node': undeclared identifier
D:\Uni Projects\IA\AA3_Pathfinding\src\AStar.h(8,46): error C2059: syntax error: '>'
D:\Uni Projects\IA\AA3_Pathfinding\src\AStar.h(8,49): error C2653: 'Node': is not a class or namespace name
D:\Uni Projects\IA\AA3_Pathfinding\src\AStar.h(8,55): error C2065: 'Priority': undeclared identifier
D:\Uni Projects\IA\AA3_Pathfinding\src\AStar.h(9,13): error C2065: 'Node': undeclared identifier
D:\Uni Projects\IA\AA3_Pathfinding\src\AStar.h(9,18): error C2059: syntax error: '>'
D:\Uni Projects\IA\AA3_Pathfinding\src\AStar.h(13,34): error C2061: syntax error: identifier 'Agent'
D:\Uni Projects\IA\AA3_Pathfinding\src\Greedy.h(5,14): error C2011: 'Greedy': 'class' type redefinition
D:\Uni Projects\IA\AA3_Pathfinding\src\Greedy.h(5): message : see declaration of 'Greedy'
D:\Uni Projects\IA\AA3_Pathfinding\src\Greedy.cpp(3,9): error C2027: use of undefined type 'Greedy'
D:\Uni Projects\IA\AA3_Pathfinding\src\Greedy.h(5): message : see declaration of 'Greedy'
D:\Uni Projects\IA\AA3_Pathfinding\src\Greedy.cpp(4,1): error C4430: missing type specifier - int assumed. Note: C++ does not support default-int
D:\Uni Projects\IA\AA3_Pathfinding\src\Greedy.cpp(5,1): warning C4508: '{ctor}': function should return a value; 'void' return type assumed
D:\Uni Projects\IA\AA3_Pathfinding\src\Greedy.cpp(7,10): error C2027: use of undefined type 'Greedy'
D:\Uni Projects\IA\AA3_Pathfinding\src\Greedy.h(5): message : see declaration of 'Greedy'
D:\Uni Projects\IA\AA3_Pathfinding\src\Greedy.cpp(8,1): error C4430: missing type specifier - int assumed. Note: C++ does not support default-int
D:\Uni Projects\IA\AA3_Pathfinding\src\Greedy.cpp(9,1): warning C4508: '{dtor}': function should return a value; 'void' return type assumed
D:\Uni Projects\IA\AA3_Pathfinding\src\Greedy.cpp(11,14): error C2027: use of undefined type 'Greedy'
D:\Uni Projects\IA\AA3_Pathfinding\src\Greedy.h(5): message : see declaration of 'Greedy'
D:\Uni Projects\IA\AA3_Pathfinding\src\Greedy.cpp(14,2): error C2065: 'frontier': undeclared identifier
D:\Uni Projects\IA\AA3_Pathfinding\src\Greedy.cpp(15,22): error C2065: 'frontier': undeclared identifier
D:\Uni Projects\IA\AA3_Pathfinding\src\Greedy.cpp(18,10): error C2065: 'frontier': undeclared identifier
D:\Uni Projects\IA\AA3_Pathfinding\src\Greedy.cpp(19,17): error C2065: 'frontier': undeclared identifier
D:\Uni Projects\IA\AA3_Pathfinding\src\Greedy.cpp(20,3): error C2065: 'frontier': undeclared identifier
D:\Uni Projects\IA\AA3_Pathfinding\src\Greedy.cpp(24,12): error C2065: 'frontier': undeclared identifier
D:\Uni Projects\IA\AA3_Pathfinding\src\Greedy.cpp(26,5): error C2065: 'frontier': undeclared identifier
D:\Uni Projects\IA\AA3_Pathfinding\src\Greedy.cpp(35,71): error C3861: 'ManhattanDistance': identifier not found
D:\Uni Projects\IA\AA3_Pathfinding\src\Greedy.cpp(37,5): error C2065: 'frontier': undeclared identifier
D:\Uni Projects\IA\AA3_Pathfinding\src\Greedy.cpp(38,5): error C2065: 'countFrontier': undeclared identifier
D:\Uni Projects\IA\AA3_Pathfinding\src\Greedy.cpp(61,2): error C2065: 'counter': undeclared identifier
D:\Uni Projects\IA\AA3_Pathfinding\src\Greedy.cpp(62,15): error C2065: 'counter': undeclared identifier
D:\Uni Projects\IA\AA3_Pathfinding\src\Greedy.cpp(62,68): error C2065: 'countFrontier': undeclared identifier
D:\Uni Projects\IA\AA3_Pathfinding\src\Greedy.cpp(63,2): error C2065: 'countFrontier': undeclared identifier
D:\Uni Projects\IA\AA3_Pathfinding\src\Greedy.cpp(66,15): error C2027: use of undefined type 'Greedy'
D:\Uni Projects\IA\AA3_Pathfinding\src\Greedy.h(5): message : see declaration of 'Greedy'
  Grid.cpp
D:\Uni Projects\IA\AA3_Pathfinding\src\Graph.h(13,7): error C2061: syntax error: identifier 'Grid'
D:\Uni Projects\IA\AA3_Pathfinding\src\Graph.h(13,7): error C2535: 'Graph::Graph(void)': member function already defined or declared
D:\Uni Projects\IA\AA3_Pathfinding\src\Graph.h(12): message : see declaration of 'Graph::Graph'
D:\Uni Projects\IA\AA3_Pathfinding\src\Agent.h(81,21): error C2061: syntax error: identifier 'Grid'
  main.cpp
  PathFollowing.cpp
D:\Uni Projects\IA\AA3_Pathfinding\src\Seek.h(5,9): error C2653: 'Agent': is not a class or namespace name
D:\Uni Projects\IA\AA3_Pathfinding\src\Seek.h(6,1): error C2504: 'SteeringBehavior': base class undefined
D:\Uni Projects\IA\AA3_Pathfinding\src\Seek.h(10,32): error C2061: syntax error: identifier 'Agent'
D:\Uni Projects\IA\AA3_Pathfinding\src\BFS.h(6,20): error C2653: 'Agent': is not a class or namespace name
D:\Uni Projects\IA\AA3_Pathfinding\src\BFS.h(7,1): error C2504: 'PathFindingAlgorithm': base class undefined
D:\Uni Projects\IA\AA3_Pathfinding\src\BFS.h(9,13): error C2065: 'Node': undeclared identifier
D:\Uni Projects\IA\AA3_Pathfinding\src\BFS.h(9,18): error C2059: syntax error: '>'
D:\Uni Projects\IA\AA3_Pathfinding\src\BFS.h(13,34): error C2061: syntax error: identifier 'Agent'
D:\Uni Projects\IA\AA3_Pathfinding\src\Dijkstra.h(5,25): error C2653: 'Agent': is not a class or namespace name
D:\Uni Projects\IA\AA3_Pathfinding\src\Dijkstra.h(6,1): error C2504: 'PathFindingAlgorithm': base class undefined
D:\Uni Projects\IA\AA3_Pathfinding\src\Dijkstra.h(8,22): error C2065: 'Node': undeclared identifier
D:\Uni Projects\IA\AA3_Pathfinding\src\Dijkstra.h(8,27): error C2059: syntax error: ','
D:\Uni Projects\IA\AA3_Pathfinding\src\Dijkstra.h(8,41): error C2065: 'Node': undeclared identifier
D:\Uni Projects\IA\AA3_Pathfinding\src\Dijkstra.h(8,46): error C2059: syntax error: '>'
D:\Uni Projects\IA\AA3_Pathfinding\src\Dijkstra.h(8,49): error C2653: 'Node': is not a class or namespace name
D:\Uni Projects\IA\AA3_Pathfinding\src\Dijkstra.h(8,55): error C2065: 'CostSoFar': undeclared identifier
D:\Uni Projects\IA\AA3_Pathfinding\src\Dijkstra.h(9,13): error C2065: 'Node': undeclared identifier
D:\Uni Projects\IA\AA3_Pathfinding\src\Dijkstra.h(9,18): error C2059: syntax error: '>'
D:\Uni Projects\IA\AA3_Pathfinding\src\Dijkstra.h(13,34): error C2061: syntax error: identifier 'Agent'
D:\Uni Projects\IA\AA3_Pathfinding\src\Greedy.h(5,23): error C2653: 'Agent': is not a class or namespace name
D:\Uni Projects\IA\AA3_Pathfinding\src\Greedy.h(6,1): error C2504: 'PathFindingAlgorithm': base class undefined
D:\Uni Projects\IA\AA3_Pathfinding\src\Greedy.h(8,22): error C2065: 'Node': undeclared identifier
D:\Uni Projects\IA\AA3_Pathfinding\src\Greedy.h(8,27): error C2059: syntax error: ','
D:\Uni Projects\IA\AA3_Pathfinding\src\Greedy.h(8,41): error C2065: 'Node': undeclared identifier
D:\Uni Projects\IA\AA3_Pathfinding\src\Greedy.h(8,46): error C2059: syntax error: '>'
D:\Uni Projects\IA\AA3_Pathfinding\src\Greedy.h(8,49): error C2653: 'Node': is not a class or namespace name
D:\Uni Projects\IA\AA3_Pathfinding\src\Greedy.h(8,55): error C2065: 'Heuristic': undeclared identifier
D:\Uni Projects\IA\AA3_Pathfinding\src\Greedy.h(9,13): error C2065: 'Node': undeclared identifier
D:\Uni Projects\IA\AA3_Pathfinding\src\Greedy.h(9,18): error C2059: syntax error: '>'
D:\Uni Projects\IA\AA3_Pathfinding\src\Greedy.h(13,34): error C2061: syntax error: identifier 'Agent'
D:\Uni Projects\IA\AA3_Pathfinding\src\AStar.h(5,22): error C2653: 'Agent': is not a class or namespace name
D:\Uni Projects\IA\AA3_Pathfinding\src\AStar.h(6,1): error C2504: 'PathFindingAlgorithm': base class undefined
D:\Uni Projects\IA\AA3_Pathfinding\src\AStar.h(8,22): error C2065: 'Node': undeclared identifier
D:\Uni Projects\IA\AA3_Pathfinding\src\AStar.h(8,27): error C2059: syntax error: ','
D:\Uni Projects\IA\AA3_Pathfinding\src\AStar.h(8,41): error C2065: 'Node': undeclared identifier
D:\Uni Projects\IA\AA3_Pathfinding\src\AStar.h(8,46): error C2059: syntax error: '>'
D:\Uni Projects\IA\AA3_Pathfinding\src\AStar.h(8,49): error C2653: 'Node': is not a class or namespace name
D:\Uni Projects\IA\AA3_Pathfinding\src\AStar.h(8,55): error C2065: 'Priority': undeclared identifier
D:\Uni Projects\IA\AA3_Pathfinding\src\AStar.h(9,13): error C2065: 'Node': undeclared identifier
D:\Uni Projects\IA\AA3_Pathfinding\src\AStar.h(9,18): error C2059: syntax error: '>'
D:\Uni Projects\IA\AA3_Pathfinding\src\AStar.h(13,34): error C2061: syntax error: identifier 'Agent'
  ScenePathFindingMouse.cpp
D:\Uni Projects\IA\AA3_Pathfinding\src\SDL_SimpleApp.h(33,22): error C2061: syntax error: identifier 'Scene'
  SceneStrategy.cpp
D:\Uni Projects\IA\AA3_Pathfinding\src\SceneStrategy.cpp : fatal error C1041: cannot open program database 'D:\Uni Projects\IA\AA3_Pathfinding\SDL_Pathfinding\SDL_Pathfinding\Debug\vc142.idb'; if multiple CL.EXE write to the same .PDB file, please use /FS
  SDL_SimpleApp.cpp
D:\Uni Projects\IA\AA3_Pathfinding\src\SDL_SimpleApp.cpp : fatal error C1041: cannot open program database 'D:\Uni Projects\IA\AA3_Pathfinding\SDL_Pathfinding\SDL_Pathfinding\Debug\vc142.pdb'; if multiple CL.EXE write to the same .PDB file, please use /FS
  Seek.cpp
D:\Uni Projects\IA\AA3_Pathfinding\src\Seek.cpp : fatal error C1041: cannot open program database 'D:\Uni Projects\IA\AA3_Pathfinding\SDL_Pathfinding\SDL_Pathfinding\Debug\vc142.pdb'; if multiple CL.EXE write to the same .PDB file, please use /FS
  Generating Code...
